2025-01-18 17:54:27,351 PyTorch Version: 2.2.2+cu121
2025-01-18 17:54:27,352 Poisons are: TAP
2025-01-18 17:54:27,352 Poisons are at path: ./data/TAP/
2025-01-18 17:54:27,352 Mixup / Cutout / CutMix:  
2025-01-18 17:54:27,352 Grayscale compression for both train and test:  False
2025-01-18 17:54:27,352 Bit Depth Reduction:  None
2025-01-18 17:54:27,352 JPEG compression quality:  10
2025-01-18 17:54:27,352 Lowpass:  
2025-01-18 17:54:27,352 Training on:  resnet18
2025-01-18 17:54:27,352 AT:  Falsewith epsilon 0.031
2025-01-18 17:54:27,352 both train and test:  False
2025-01-18 17:54:27,352 poison rate:  1
2025-01-18 17:54:27,352 fixed indices at:  None
2025-01-18 17:58:53,292 PyTorch Version: 2.2.2+cu121
2025-01-18 17:58:53,292 Poisons are: TAP
2025-01-18 17:58:53,292 Poisons are at path: ./data/TAP/
2025-01-18 17:58:53,292 Mixup / Cutout / CutMix:  
2025-01-18 17:58:53,292 Grayscale compression for both train and test:  False
2025-01-18 17:58:53,292 Bit Depth Reduction:  None
2025-01-18 17:58:53,293 JPEG compression quality:  10
2025-01-18 17:58:53,293 Lowpass:  
2025-01-18 17:58:53,293 Training on:  resnet18
2025-01-18 17:58:53,293 AT:  Falsewith epsilon 0.031
2025-01-18 17:58:53,293 both train and test:  False
2025-01-18 17:58:53,293 poison rate:  1
2025-01-18 17:58:53,293 fixed indices at:  None
2025-01-18 17:58:53,293 Training transformation Compose(
    Lambda()
    RandomCrop(size=(32, 32), padding=4)
    RandomHorizontalFlip(p=0.5)
    ToTensor()
)
2025-01-18 17:58:53,293 Test transformation Compose(
    Resize(size=[32, 32], interpolation=bilinear, max_size=None, antialias=True)
    ToTensor()
)
2025-01-18 18:24:04,572 PyTorch Version: 2.2.2+cu121
2025-01-18 18:24:04,572 Poisons are: TAP
2025-01-18 18:24:04,573 Poisons are at path: ./data/TAP/
2025-01-18 18:24:04,573 Mixup / Cutout / CutMix:  
2025-01-18 18:24:04,573 Grayscale compression for both train and test:  False
2025-01-18 18:24:04,573 Bit Depth Reduction:  None
2025-01-18 18:24:04,573 JPEG compression quality:  10
2025-01-18 18:24:04,573 Lowpass:  
2025-01-18 18:24:04,573 Training on:  resnet18
2025-01-18 18:24:04,573 AT:  Falsewith epsilon 0.031
2025-01-18 18:24:04,573 both train and test:  False
2025-01-18 18:24:04,573 poison rate:  1
2025-01-18 18:24:04,573 fixed indices at:  None
2025-01-18 18:24:04,573 Training transformation Compose(
    Lambda()
    RandomCrop(size=(32, 32), padding=4)
    RandomHorizontalFlip(p=0.5)
    ToTensor()
)
2025-01-18 18:24:04,574 Test transformation Compose(
    Resize(size=[32, 32], interpolation=bilinear, max_size=None, antialias=True)
    ToTensor()
)
2025-01-18 18:32:23,222 PyTorch Version: 2.2.2+cu121
2025-01-18 18:32:23,222 Poisons are: TAP
2025-01-18 18:32:23,223 Poisons are at path: ./data/TAP/
2025-01-18 18:32:23,223 Mixup / Cutout / CutMix:  
2025-01-18 18:32:23,223 Grayscale compression for both train and test:  False
2025-01-18 18:32:23,223 Bit Depth Reduction:  None
2025-01-18 18:32:23,223 JPEG compression quality:  10
2025-01-18 18:32:23,223 Lowpass:  
2025-01-18 18:32:23,223 Training on:  resnet18
2025-01-18 18:32:23,223 AT:  Falsewith epsilon 0.031
2025-01-18 18:32:23,223 both train and test:  False
2025-01-18 18:32:23,223 poison rate:  1
2025-01-18 18:32:23,223 fixed indices at:  None
2025-01-18 18:32:23,223 Training transformation Compose(
    Lambda()
    RandomCrop(size=(32, 32), padding=4)
    RandomHorizontalFlip(p=0.5)
    ToTensor()
)
2025-01-18 18:32:23,223 Test transformation Compose(
    Resize(size=[32, 32], interpolation=bilinear, max_size=None, antialias=True)
    ToTensor()
)
2025-01-18 18:32:42,828 PyTorch Version: 2.2.2+cu121
2025-01-18 18:32:42,828 Poisons are: TAP
2025-01-18 18:32:42,828 Poisons are at path: ./data/TAP/
2025-01-18 18:32:42,828 Mixup / Cutout / CutMix:  
2025-01-18 18:32:42,828 Grayscale compression for both train and test:  False
2025-01-18 18:32:42,828 Bit Depth Reduction:  None
2025-01-18 18:32:42,828 JPEG compression quality:  10
2025-01-18 18:32:42,828 Lowpass:  
2025-01-18 18:32:42,829 Training on:  resnet18
2025-01-18 18:32:42,829 AT:  Falsewith epsilon 0.031
2025-01-18 18:32:42,829 both train and test:  False
2025-01-18 18:32:42,829 poison rate:  1
2025-01-18 18:32:42,829 fixed indices at:  None
2025-01-18 18:32:42,829 Training transformation Compose(
    Lambda()
    RandomCrop(size=(32, 32), padding=4)
    RandomHorizontalFlip(p=0.5)
    ToTensor()
)
2025-01-18 18:32:42,829 Test transformation Compose(
    Resize(size=[32, 32], interpolation=bilinear, max_size=None, antialias=True)
    ToTensor()
)
2025-01-18 18:36:58,176 
2025-01-18 18:36:58,176 ====================Training Epoch 0====================
2025-01-18 18:36:58,176 Training Loss 2.373
2025-01-18 18:36:58,176 Training Acc 22.792 (11396/50000)
2025-01-18 18:37:21,948 
2025-01-18 18:37:21,949 ====================Validation Epoch 0====================
2025-01-18 18:37:21,949 Validation Loss 1.814
2025-01-18 18:37:21,949 Validation Acc  33.770 (3377/10000)
2025-01-18 18:37:21,949 Best validation Acc 33.770
2025-01-18 18:37:21,949 [[424  30  78   7  19   4  34  47 338  19]
 [ 12 327   8  16  12  14 142  52 287 130]
 [117   9 202  38 142  58 307  47  71   9]
 [ 66  19 100  49  65 154 387  86  52  22]
 [ 42  11 162  24 224  46 381  58  46   6]
 [ 69  11 111  82  84 269 263  66  41   4]
 [ 29   5  93  23  81  45 632  39  37  16]
 [ 53  19  95  23  81 122 177 348  56  26]
 [213  58  30  12  18   1  19  23 596  30]
 [ 17 143  18  12  11   9 110  93 281 306]]
2025-01-18 18:39:29,149 
2025-01-18 18:39:29,149 ====================Training Epoch 1====================
2025-01-18 18:39:29,150 Training Loss 1.781
2025-01-18 18:39:29,150 Training Acc 33.920 (16960/50000)
2025-01-18 18:39:44,858 
2025-01-18 18:39:44,858 ====================Validation Epoch 1====================
2025-01-18 18:39:44,858 Validation Loss 1.690
2025-01-18 18:39:44,858 Validation Acc  39.420 (3942/10000)
2025-01-18 18:39:44,858 Best validation Acc 39.420
2025-01-18 18:39:44,859 [[611  58   1   0  22   1  12  76  96 123]
 [ 42 578   0   1   4   4  12  24  63 272]
 [135  57   7   7 194  41 166 308  14  71]
 [ 35  68   3  19  33 170 128 349   5 190]
 [ 52  45   3   5 255  24 216 339  11  50]
 [ 26  50   8  16  40 201  58 487  13 101]
 [  8  61   0   6  67  29 510 157   4 158]
 [ 20  37   0   0  32  33  24 703   1 150]
 [330  91   0   1   5   1   4  22 383 163]
 [ 48 173   0   0   4   1  19  39  41 675]]
2025-01-18 18:41:51,554 
2025-01-18 18:41:51,554 ====================Training Epoch 2====================
2025-01-18 18:41:51,554 Training Loss 1.656
2025-01-18 18:41:51,555 Training Acc 39.070 (19535/50000)
2025-01-18 18:42:06,677 
2025-01-18 18:42:06,678 ====================Validation Epoch 2====================
2025-01-18 18:42:06,678 Validation Loss 1.767
2025-01-18 18:42:06,678 Validation Acc  38.760 (3876/10000)
2025-01-18 18:42:06,678 Best validation Acc 39.420
2025-01-18 18:42:06,678 [[328  48  61  18  62   2  31 363  33  54]
 [  8 490   5   5   3   4  51 213   4 217]
 [ 31  11 105  55 266  56 183 274   3  16]
 [  2   9  32 146  62 142 216 367   0  24]
 [ 14   5  24  15 333  15 219 371   2   2]
 [  1   3  24  90  80 266 118 409   1   8]
 [  2   5  17  31  74  14 688 158   0  11]
 [  2   2   2  18  39  33  48 845   0  11]
 [179 102  52  22  35   6  32 175 231 166]
 [ 13 105   4  10   3   1  53 362   5 444]]
2025-01-18 18:44:15,332 
2025-01-18 18:44:15,333 ====================Training Epoch 3====================
2025-01-18 18:44:15,333 Training Loss 1.564
2025-01-18 18:44:15,333 Training Acc 42.954 (21477/50000)
2025-01-18 18:44:27,732 
2025-01-18 18:44:27,732 ====================Validation Epoch 3====================
2025-01-18 18:44:27,732 Validation Loss 1.757
2025-01-18 18:44:27,732 Validation Acc  39.360 (3936/10000)
2025-01-18 18:44:27,732 Best validation Acc 39.420
2025-01-18 18:44:27,732 [[322  50  80  42  19  50 182  31  45 179]
 [  2 500   2   7   1   1 180   3   3 301]
 [ 27  14 228  84  46 162 382  19   5  33]
 [  1   7  26 172  12 230 496  12   1  43]
 [  8  12 100  37 137  63 569  39   2  33]
 [  2   1  39 145   9 415 349  14   3  23]
 [  1   1  12  37   6  20 914   1   0   8]
 [  2  13  13  63  52  94 331 302   0 130]
 [ 50  91  31  46  16  16 135   9 256 350]
 [  2 135   5  24   3   3 127   6   5 690]]
2025-01-18 18:46:39,870 
2025-01-18 18:46:39,871 ====================Training Epoch 4====================
2025-01-18 18:46:39,871 Training Loss 1.469
2025-01-18 18:46:39,871 Training Acc 46.924 (23462/50000)
2025-01-18 18:46:51,627 
2025-01-18 18:46:51,627 ====================Validation Epoch 4====================
2025-01-18 18:46:51,627 Validation Loss 1.527
2025-01-18 18:46:51,627 Validation Acc  46.130 (4613/10000)
2025-01-18 18:46:51,627 Best validation Acc 46.130
2025-01-18 18:46:51,627 [[703  75 106   0   1   0  47   5  13  50]
 [ 24 850   8   8   1   0  33   2   2  72]
 [ 97  47 476  25   7  18 304   8   3  15]
 [ 59  64 265 146  12  71 342  12   2  27]
 [ 99  26 238  18  83   8 479  39   1   9]
 [ 54  46 274 129  12 241 211  18   3  12]
 [ 13  29  59  14   6   3 873   0   1   2]
 [ 58  40 142  41  34  40 158 409   1  77]
 [295 230  41  12   4   0  30   0 327  61]
 [ 50 341  20   7   2   3  65   2   5 505]]
2025-01-18 18:49:03,041 
2025-01-18 18:49:03,042 ====================Training Epoch 5====================
2025-01-18 18:49:03,042 Training Loss 1.409
2025-01-18 18:49:03,042 Training Acc 49.556 (24778/50000)
2025-01-18 18:49:15,466 
2025-01-18 18:49:15,466 ====================Validation Epoch 5====================
2025-01-18 18:49:15,466 Validation Loss 1.383
2025-01-18 18:49:15,467 Validation Acc  49.500 (4950/10000)
2025-01-18 18:49:15,467 Best validation Acc 49.500
2025-01-18 18:49:15,467 [[649  15 171  11   5  38  10  16  64  21]
 [ 65 690  22  24   8  27  15  25  64  60]
 [ 81   7 618  22  28 198  20  14   6   6]
 [ 25  14 222 132  21 517  37  18   5   9]
 [ 45   2 443  41 200 183  37  43   3   3]
 [ 15   3 177  39  17 702  13  28   5   1]
 [ 13   7 284  81  40 154 405   3  12   1]
 [ 28   1 145  30  85 223  10 469   0   9]
 [133  38  76  22   4  35   1   8 654  29]
 [ 73 221  47  44   4  49  25  63  43 431]]
2025-01-18 18:51:14,384 
2025-01-18 18:51:14,384 ====================Training Epoch 6====================
2025-01-18 18:51:14,384 Training Loss 1.350
2025-01-18 18:51:14,385 Training Acc 52.030 (26015/50000)
2025-01-18 18:51:36,753 
2025-01-18 18:51:36,753 ====================Validation Epoch 6====================
2025-01-18 18:51:36,753 Validation Loss 1.210
2025-01-18 18:51:36,753 Validation Acc  57.930 (5793/10000)
2025-01-18 18:51:36,753 Best validation Acc 57.930
2025-01-18 18:51:36,754 [[704  36  20   7   8   0  30   3 126  66]
 [ 17 750   1   2   4   1  11   2  39 173]
 [148  50 364  53  67  40 180  33  32  33]
 [ 38  81  60 316  29 121 194  17  57  87]
 [ 80  30  53  63 300  20 284 103  31  36]
 [ 21  56  76 156  35 418 105  35  54  44]
 [ 11  23  40  36  14  21 794   4  16  41]
 [ 45  29  27  56  30  57  61 571  10 114]
 [ 70  48   5   1   4   2   7   1 816  46]
 [ 32 117   6   3   2   3  12   7  58 760]]
2025-01-18 18:53:36,748 
2025-01-18 18:53:36,748 ====================Training Epoch 7====================
2025-01-18 18:53:36,748 Training Loss 1.307
2025-01-18 18:53:36,749 Training Acc 53.642 (26821/50000)
2025-01-18 18:54:00,596 
2025-01-18 18:54:00,596 ====================Validation Epoch 7====================
2025-01-18 18:54:00,596 Validation Loss 1.230
2025-01-18 18:54:00,597 Validation Acc  58.060 (5806/10000)
2025-01-18 18:54:00,597 Best validation Acc 58.060
2025-01-18 18:54:00,597 [[717  20  26   3  20   2  13   9 167  23]
 [ 44 729   0   0   7   1  17   1 111  90]
 [119  34 366   7 171  35 175  26  59   8]
 [ 49  38  92 120 184 117 207  38 112  43]
 [ 90  17  66   2 549  12 153  63  44   4]
 [ 37  24 110  28 132 376 123  66  84  20]
 [  9  10  44  10  61   9 809   6  30  12]
 [ 75  17  34  11  94  34  37 668  13  17]
 [ 78  32   4   1  11   0   4   1 849  20]
 [ 76 143   5   1   8   3  31  22  88 623]]
2025-01-18 18:56:00,286 
2025-01-18 18:56:00,286 ====================Training Epoch 8====================
2025-01-18 18:56:00,286 Training Loss 1.268
2025-01-18 18:56:00,286 Training Acc 55.462 (27731/50000)
2025-01-18 18:56:25,559 
2025-01-18 18:56:25,559 ====================Validation Epoch 8====================
2025-01-18 18:56:25,559 Validation Loss 1.189
2025-01-18 18:56:25,559 Validation Acc  58.230 (5823/10000)
2025-01-18 18:56:25,560 Best validation Acc 58.230
2025-01-18 18:56:25,560 [[750  83  86   1  13   3  16   2  18  28]
 [ 21 879  17   2   4   4  23   1   5  44]
 [ 92  15 568   6  72  59 157   7   3  21]
 [ 42  28 228 104  58 264 231  17   7  21]
 [ 65  12 150  10 473  52 200  24   6   8]
 [ 34  10 160  29  49 584  96  21   8   9]
 [  9  16  76   7  19  21 846   1   1   4]
 [ 24  26  83   6 176 103  46 496   1  39]
 [182 120  40   3   9   5   7   2 584  48]
 [ 34 335  22   1   7  11  34   5  12 539]]
